<?xml version="1.0" encoding="UTF-8"?>
<testng-results total="3" passed="3" failed="0" skipped="0">
  <reporter-output>
  </reporter-output>
  <suite started-at="2024-07-17T11:18:08Z" name="Test Suite for Buildout" finished-at="2024-07-17T11:19:04Z" duration-ms="55739">
    <groups>
    </groups>
    <test started-at="2024-07-17T11:18:08Z" name="Test Cases for Buildout" finished-at="2024-07-17T11:19:04Z" duration-ms="55739">
      <class name="demo.TestCases">
        <test-method is-config="true" signature="startBrowser()[pri:0, instance:demo.TestCases@23d1e5d0]" started-at="2024-07-17T16:48:08Z" name="startBrowser" finished-at="2024-07-17T16:48:11Z" duration-ms="2856" status="PASS">
          <reporter-output>
          </reporter-output>
        </test-method> <!-- startBrowser -->
        <test-method signature="testcase01()[pri:0, instance:demo.TestCases@23d1e5d0]" started-at="2024-07-17T16:48:11Z" name="testcase01" finished-at="2024-07-17T16:48:33Z" duration-ms="22217" status="PASS">
          <reporter-output>
          </reporter-output>
        </test-method> <!-- testcase01 -->
        <test-method signature="testcase02()[pri:0, instance:demo.TestCases@23d1e5d0]" started-at="2024-07-17T16:48:33Z" name="testcase02" finished-at="2024-07-17T16:48:43Z" duration-ms="9745" status="PASS">
          <reporter-output>
          </reporter-output>
        </test-method> <!-- testcase02 -->
        <test-method signature="testcase03()[pri:0, instance:demo.TestCases@23d1e5d0]" started-at="2024-07-17T16:48:43Z" name="testcase03" finished-at="2024-07-17T16:49:03Z" duration-ms="20042" status="PASS">
          <reporter-output>
          </reporter-output>
        </test-method> <!-- testcase03 -->
        <test-method is-config="true" signature="endTest()[pri:0, instance:demo.TestCases@23d1e5d0]" started-at="2024-07-17T16:49:03Z" name="endTest" finished-at="2024-07-17T16:49:04Z" duration-ms="860" status="PASS">
          <reporter-output>
          </reporter-output>
        </test-method> <!-- endTest -->
      </class> <!-- demo.TestCases -->
    </test> <!-- Test Cases for Buildout -->
  </suite> <!-- Test Suite for Buildout -->
</testng-results>
